<?xml version="1.0" encoding="UTF-8"?>
<!-- Generated by org.testng.reporters.JUnitReportReporter -->
<testsuite skipped="0" hostname="User-PC" name="com.begins.Flip" tests="1" failures="0" timestamp="2022-03-07T13:01:49 CET" time="58.862" errors="0">
  <testcase name="kart" time="58.862" classname="com.begins.Flip"/>
  <system-out/>
</testsuite> <!-- com.begins.Flip -->
